<?xml version="1.0" encoding="UTF-8"?>
<testng-results skipped="0" failed="0" total="4" passed="4">
  <reporter-output>
  </reporter-output>
  <suite name="Suite" duration-ms="20717" started-at="2022-01-01T04:43:08Z" finished-at="2022-01-01T04:43:29Z">
    <groups>
    </groups>
    <test name="Validating title in the Page" duration-ms="13540" started-at="2022-01-01T04:43:08Z" finished-at="2022-01-01T04:43:22Z">
      <class name="Academy.validateTitle">
        <test-method status="PASS" signature="initialize()[pri:0, instance:Academy.validateTitle@609cd4d8]" name="initialize" is-config="true" duration-ms="13452" started-at="2021-12-31T22:43:08Z" finished-at="2021-12-31T22:43:21Z">
          <reporter-output>
          </reporter-output>
        </test-method> <!-- initialize -->
        <test-method status="PASS" signature="validateAppTitle()[pri:0, instance:Academy.validateTitle@609cd4d8]" name="validateAppTitle" duration-ms="32" started-at="2021-12-31T22:43:21Z" finished-at="2021-12-31T22:43:22Z">
          <reporter-output>
          </reporter-output>
        </test-method> <!-- validateAppTitle -->
        <test-method status="PASS" signature="teardown()[pri:0, instance:Academy.validateTitle@609cd4d8]" name="teardown" is-config="true" duration-ms="51" started-at="2021-12-31T22:43:22Z" finished-at="2021-12-31T22:43:22Z">
          <reporter-output>
          </reporter-output>
        </test-method> <!-- teardown -->
      </class> <!-- Academy.validateTitle -->
    </test> <!-- Validating title in the Page -->
    <test name="Validating navigation Bar" duration-ms="13916" started-at="2022-01-01T04:43:08Z" finished-at="2022-01-01T04:43:22Z">
      <class name="Academy.validateNavigationBar">
        <test-method status="PASS" signature="initialize()[pri:0, instance:Academy.validateNavigationBar@5fbe4146]" name="initialize" is-config="true" duration-ms="13663" started-at="2021-12-31T22:43:08Z" finished-at="2021-12-31T22:43:22Z">
          <reporter-output>
          </reporter-output>
        </test-method> <!-- initialize -->
        <test-method status="PASS" signature="validateAppNavBar()[pri:0, instance:Academy.validateNavigationBar@5fbe4146]" name="validateAppNavBar" duration-ms="221" started-at="2021-12-31T22:43:22Z" finished-at="2021-12-31T22:43:22Z">
          <reporter-output>
          </reporter-output>
        </test-method> <!-- validateAppNavBar -->
        <test-method status="PASS" signature="teardown()[pri:0, instance:Academy.validateNavigationBar@5fbe4146]" name="teardown" is-config="true" duration-ms="31" started-at="2021-12-31T22:43:22Z" finished-at="2021-12-31T22:43:22Z">
          <reporter-output>
          </reporter-output>
        </test-method> <!-- teardown -->
      </class> <!-- Academy.validateNavigationBar -->
    </test> <!-- Validating navigation Bar -->
    <test name="Validating User login" duration-ms="20717" started-at="2022-01-01T04:43:08Z" finished-at="2022-01-01T04:43:29Z">
      <class name="Academy.HomePage">
        <test-method status="PASS" signature="initialize()[pri:0, instance:Academy.HomePage@fa4c865]" name="initialize" is-config="true" duration-ms="2779" started-at="2021-12-31T22:43:08Z" finished-at="2021-12-31T22:43:11Z">
          <reporter-output>
          </reporter-output>
        </test-method> <!-- initialize -->
        <test-method status="PASS" signature="basePageNavigation(java.lang.String, java.lang.String, java.lang.String)[pri:0, instance:Academy.HomePage@fa4c865]" name="basePageNavigation" duration-ms="14176" started-at="2021-12-31T22:43:11Z" data-provider="getData" finished-at="2021-12-31T22:43:25Z">
          <params>
            <param index="0">
              <value>
                <![CDATA[nonrestricteduser@qw.com]]>
              </value>
            </param>
            <param index="1">
              <value>
                <![CDATA[123456]]>
              </value>
            </param>
            <param index="2">
              <value>
                <![CDATA[Restrcited User]]>
              </value>
            </param>
          </params>
          <reporter-output>
          </reporter-output>
        </test-method> <!-- basePageNavigation -->
        <test-method status="PASS" signature="basePageNavigation(java.lang.String, java.lang.String, java.lang.String)[pri:0, instance:Academy.HomePage@fa4c865]" name="basePageNavigation" duration-ms="3658" started-at="2021-12-31T22:43:25Z" data-provider="getData" finished-at="2021-12-31T22:43:29Z">
          <params>
            <param index="0">
              <value>
                <![CDATA[restricteduser@qw.com]]>
              </value>
            </param>
            <param index="1">
              <value>
                <![CDATA[456788]]>
              </value>
            </param>
            <param index="2">
              <value>
                <![CDATA[Non restricted user]]>
              </value>
            </param>
          </params>
          <reporter-output>
          </reporter-output>
        </test-method> <!-- basePageNavigation -->
        <test-method status="PASS" signature="teardown()[pri:0, instance:Academy.HomePage@fa4c865]" name="teardown" is-config="true" duration-ms="93" started-at="2021-12-31T22:43:29Z" finished-at="2021-12-31T22:43:29Z">
          <reporter-output>
          </reporter-output>
        </test-method> <!-- teardown -->
      </class> <!-- Academy.HomePage -->
    </test> <!-- Validating User login -->
  </suite> <!-- Suite -->
</testng-results>
